-10000
-9998
-9993
-9991
-9991
-9991
-9986
-9985
-9985
-9983
-9983
-9979
-9978
-9978
-9978
-9977
-9976
-9968
-9966
-9966
-9964
-9964
-9964
-9962
-9962
-9962
-9962
-9960
-9957
-9954
-9954
-9952
-9952
-9949
-9949
-9947
-9944
-9942
-9941
-9939
-9939
-9935
-9934
-9930
-9929
-9928
-9926
-9925
-9925
-9922
-9914
-9910
-9906
-9906
-9902
-9902
-9899
-9898
-9896
-9896
-9892
-9891
-9891
-9888
-9885
-9884
-9883
-9883
-9880
-9879
-9874
-9869
-9866
-9865
-9863
-9858
-9851
-9850
-9849
-9848
-9842
-9840
-9840
-9839
-9839
-9838
-9835
-9833
-9830
-9829
-9826
-9821
-9819
-9819
-9817
-9817
-9816
-9815
-9812
-9810
-9807
-9805
-9802
-9802
-9798
-9798
-9797
-9794
-9793
-9792
-9791
-9786
-9786
-9782
-9782
-9781
-9779
-9777
-9777
-9775
-9769
-9762
-9760
-9759
-9759
-9757
-9756
-9755
-9754
-9748
-9743
-9742
-9740
-9738
-9736
-9736
-9731
-9729
-9727
-9726
-9722
-9722
-9720
-9718
-9713
-9709
-9709
-9706
-9706
-9705
-9705
-9704
-9703
-9699
-9698
-9698
-9697
-9692
-9689
-9687
-9683
-9679
-9679
-9677
-9674
-9672
-9670
-9663
-9662
-9661
-9659
-9659
-9649
-9648
-9646
-9645
-9645
-9644
-9644
-9643
-9642
-9638
-9636
-9635
-9634
-9634
-9633
-9629
-9625
-9623
-9622
-9618
-9615
-9614
-9608
-9607
-9600
-9599
-9595
-9591
-9587
-9587
-9586
-9584
-9582
-9582
-9582
-9580
-9578
-9575
-9574
-9571
-9571
-9566
-9566
-9561
-9559
-9555
-9554
-9551
-9550
-9550
-9548
-9547
-9546
-9542
-9539
-9535
-9525
-9522
-9520
-9518
-9515
-9511
-9508
-9507
-9506
-9505
-9503
-9503
-9502
-9502
-9501
-9501
-9498
-9497
-9494
-9494
-9492
-9492
-9492
-9488
-9487
-9486
-9484
-9482
-9481
-9474
-9472
-9470
-9470
-9466
-9464
-9463
-9463
-9462
-9461
-9458
-9456
-9451
-9448
-9446
-9446
-9443
-9442
-9441
-9441
-9440
-9438
-9438
-9437
-9435
-9435
-9433
-9429
-9427
-9427
-9425
-9423
-9422
-9417
-9416
-9416
-9414
-9408
-9406
-9400
-9397
-9396
-9395
-9393
-9392
-9391
-9389
-9387
-9385
-9385
-9385
-9384
-9382
-9376
-9372
-9370
-9368
-9368
-9367
-9363
-9360
-9359
-9358
-9357
-9354
-9354
-9351
-9348
-9347
-9344
-9343
-9343
-9341
-9339
-9337
-9336
-9332
-9331
-9328
-9326
-9325
-9325
-9324
-9321
-9320
-9320
-9313
-9313
-9311
-9308
-9303
-9303
-9301
-9300
-9295
-9294
-9293
-9292
-9289
-9287
-9284
-9282
-9281
-9279
-9278
-9277
-9275
-9272
-9272
-9272
-9267
-9263
-9262
-9261
-9254
-9253
-9245
-9243
-9240
-9239
-9235
-9235
-9234
-9234
-9233
-9230
-9228
-9227
-9225
-9225
-9224
-9224
-9218
-9218
-9215
-9213
-9211
-9208
-9207
-9206
-9201
-9201
-9199
-9197
-9196
-9195
-9193
-9191
-9190
-9190
-9188
-9186
-9183
-9182
-9180
-9177
-9176
-9176
-9175
-9173
-9170
-9165
-9160
-9158
-9157
-9155
-9152
-9145
-9144
-9141
-9138
-9135
-9132
-9131
-9130
-9126
-9123
-9122
-9122
-9117
-9116
-9114
-9114
-9114
-9113
-9112
-9105
-9102
-9099
-9099
-9097
-9097
-9095
-9095
-9094
-9094
-9092
-9092
-9092
-9090
-9087
-9083
-9082
-9082
-9081
-9076
-9074
-9072
-9072
-9070
-9070
-9070
-9070
-9067
-9061
-9060
-9060
-9057
-9053
-9053
-9047
-9047
-9044
-9044
-9043
-9043
-9041
-9040
-9039
-9036
-9036
-9036
-9035
-9032
-9027
-9026
-9024
-9022
-9021
-9021
-9020
-9019
-9018
-9016
-9014
-9014
-9014
-9012
-9012
-9008
-9003
-9001
-8999
-8998
-8998
-8995
-8993
-8990
-8988
-8986
-8982
-8982
-8982
-8978
-8975
-8975
-8974
-8973
-8972
-8971
-8966
-8961
-8961
-8950
-8950
-8950
-8947
-8942
-8940
-8936
-8933
-8930
-8929
-8926
-8926
-8917
-8916
-8915
-8912
-8912
-8911
-8911
-8908
-8907
-8907
-8903
-8902
-8901
-8900
-8897
-8895
-8891
-8890
-8888
-8888
-8887
-8886
-8886
-8883
-8883
-8882
-8879
-8872
-8870
-8869
-8868
-8866
-8864
-8864
-8859
-8859
-8859
-8858
-8858
-8858
-8852
-8852
-8851
-8849
-8847
-8846
-8844
-8844
-8844
-8838
-8837
-8834
-8832
-8830
-8828
-8828
-8824
-8824
-8821
-8818
-8817
-8817
-8815
-8811
-8810
-8803
-8803
-8798
-8797
-8797
-8795
-8789
-8786
-8785
-8785
-8781
-8778
-8775
-8772
-8772
-8769
-8769
-8768
-8767
-8767
-8765
-8760
-8757
-8756
-8753
-8749
-8749
-8748
-8745
-8744
-8739
-8738
-8730
-8728
-8728
-8727
-8724
-8724
-8723
-8722
-8722
-8722
-8721
-8721
-8719
-8718
-8716
-8714
-8713
-8708
-8704
-8696
-8689
-8683
-8681
-8669
-8661
-8656
-8656
-8647
-8646
-8644
-8641
-8640
-8639
-8638
-8637
-8631
-8627
-8626
-8625
-8625
-8621
-8619
-8617
-8614
-8612
-8612
-8607
-8606
-8606
-8604
-8602
-8602
-8599
-8596
-8595
-8592
-8590
-8586
-8585
-8581
-8580
-8578
-8577
-8575
-8570
-8569
-8568
-8566
-8566
-8565
-8564
-8558
-8557
-8556
-8554
-8553
-8552
-8550
-8549
-8547
-8544
-8544
-8542
-8542
-8539
-8539
-8539
-8538
-8538
-8537
-8534
-8534
-8532
-8532
-8531
-8527
-8527
-8521
-8517
-8513
-8509
-8508
-8507
-8506
-8505
-8497
-8497
-8496
-8494
-8493
-8492
-8487
-8485
-8484
-8481
-8479
-8479
-8475
-8474
-8473
-8473
-8471
-8471
-8470
-8468
-8467
-8466
-8464
-8461
-8456
-8452
-8451
-8450
-8446
-8440
-8439
-8437
-8432
-8431
-8423
-8423
-8421
-8421
-8420
-8418
-8417
-8416
-8413
-8411
-8411
-8409
-8408
-8408
-8404
-8404
-8403
-8401
-8400
-8400
-8399
-8398
-8398
-8397
-8397
-8397
-8386
-8386
-8384
-8383
-8383
-8382
-8382
-8382
-8379
-8375
-8373
-8372
-8371
-8370
-8368
-8365
-8360
-8360
-8356
-8353
-8353
-8349
-8349
-8349
-8348
-8346
-8343
-8341
-8341
-8339
-8338
-8334
-8332
-8330
-8326
-8323
-8322
-8321
-8317
-8316
-8310
-8309
-8307
-8306
-8303
-8299
-8298
-8295
-8293
-8292
-8287
-8284
-8283
-8276
-8276
-8273
-8272
-8272
-8271
-8270
-8267
-8267
-8267
-8266
-8263
-8262
-8260
-8258
-8253
-8252
-8248
-8247
-8245
-8244
-8240
-8240
-8236
-8232
-8226
-8224
-8218
-8217
-8215
-8214
-8209
-8208
-8207
-8203
-8202
-8201
-8199
-8199
-8198
-8198
-8195
-8195
-8193
-8188
-8186
-8186
-8186
-8184
-8183
-8182
-8182
-8182
-8180
-8179
-8178
-8176
-8172
-8170
-8169
-8168
-8168
-8165
-8157
-8156
-8155
-8154
-8150
-8150
-8148
-8147
-8147
-8146
-8146
-8144
-8142
-8139
-8137
-8134
-8133
-8131
-8131
-8130
-8130
-8129
-8125
-8121
-8118
-8118
-8118
-8118
-8116
-8112
-8108
-8107
-8100
-8098
-8096
-8094
-8093
-8085
-8084
-8084
-8083
-8082
-8080
-8079
-8079
-8071
-8070
-8070
-8069
-8064
-8063
-8063
-8063
-8063
-8061
-8061
-8060
-8055
-8054
-8047
-8038
-8037
-8035
-8034
-8034
-8031
-8029
-8026
-8025
-8024
-8022
-8019
-8015
-8010
-8006
-8005
-8004
-8004
-8001
-7997
-7996
-7992
-7992
-7988
-7986
-7983
-7982
-7980
-7974
-7973
-7972
-7972
-7971
-7965
-7964
-7963
-7962
-7961
-7958
-7955
-7950
-7948
-7947
-7945
-7942
-7941
-7941
-7941
-7939
-7933
-7932
-7932
-7932
-7932
-7931
-7929
-7927
-7924
-7924
-7922
-7922
-7921
-7916
-7913
-7908
-7907
-7905
-7905
-7903
-7903
-7902
-7901
-7897
-7895
-7894
-7892
-7891
-7890
-7889
-7885
-7885
-7885
-7884
-7883
-7881
-7880
-7880
-7879
-7877
-7873
-7870
-7864
-7863
-7861
-7857
-7857
-7855
-7855
-7852
-7851
-7850
-7849
-7849
-7849
-7848
-7845
-7844
-7841
-7841
-7838
-7837
-7829
-7829
-7828
-7827
-7827
-7826
-7825
-7822
-7819
-7818
-7811
-7810
-7808
-7808
-7800
-7799
-7798
-7798
-7796
-7796
-7795
-7793
-7792
-7792
-7787
-7785
-7784
-7783
-7780
-7780
-7780
-7777
-7775
-7775
-7773
-7773
-7773
-7773
-7771
-7771
-7771
-7771
-7769
-7764
-7762
-7761
-7761
-7760
-7759
-7757
-7756
-7753
-7753
-7741
-7741
-7739
-7738
-7737
-7736
-7734
-7731
-7727
-7726
-7722
-7719
-7715
-7715
-7712
-7709
-7708
-7708
-7707
-7706
-7705
-7705
-7702
-7695
-7694
-7694
-7692
-7688
-7684
-7684
-7681
-7681
-7678
-7678
-7677
-7673
-7670
-7670
-7668
-7668
-7667
-7665
-7659
-7659
-7659
-7657
-7655
-7653
-7653
-7650
-7650
-7648
-7648
-7642
-7642
-7640
-7639
-7637
-7636
-7631
-7631
-7630
-7623
-7621
-7617
-7615
-7612
-7611
-7607
-7602
-7601
-7595
-7593
-7590
-7590
-7586
-7586
-7586
-7580
-7579
-7578
-7577
-7576
-7573
-7570
-7570
-7567
-7559
-7556
-7555
-7554
-7548
-7548
-7544
-7540
-7537
-7536
-7530
-7529
-7525
-7524
-7524
-7524
-7523
-7522
-7522
-7520
-7520
-7519
-7518
-7517
-7514
-7513
-7511
-7506
-7504
-7501
-7500
-7496
-7486
-7483
-7481
-7481
-7479
-7478
-7477
-7475
-7474
-7473
-7471
-7469
-7465
-7460
-7457
-7457
-7456
-7450
-7449
-7449
-7449
-7448
-7447
-7442
-7441
-7440
-7439
-7439
-7439
-7437
-7434
-7433
-7432
-7430
-7422
-7422
-7421
-7419
-7417
-7415
-7415
-7411
-7410
-7408
-7406
-7404
-7399
-7394
-7394
-7391
-7391
-7391
-7380
-7378
-7376
-7372
-7365
-7364
-7362
-7361
-7360
-7358
-7358
-7355
-7353
-7352
-7352
-7347
-7346
-7338
-7337
-7332
-7331
-7331
-7328
-7325
-7323
-7321
-7319
-7315
-7312
-7311
-7308
-7307
-7305
-7304
-7303
-7303
-7302
-7301
-7298
-7297
-7296
-7296
-7294
-7294
-7294
-7292
-7291
-7291
-7284
-7280
-7278
-7273
-7273
-7272
-7270
-7269
-7268
-7267
-7266
-7265
-7258
-7257
-7257
-7257
-7255
-7255
-7254
-7253
-7248
-7247
-7243
-7238
-7238
-7234
-7231
-7230
-7230
-7225
-7224
-7221
-7221
-7221
-7220
-7219
-7217
-7215
-7214
-7211
-7209
-7203
-7201
-7200
-7200
-7199
-7196
-7195
-7194
-7194
-7186
-7183
-7177
-7176
-7176
-7172
-7171
-7168
-7167
-7165
-7164
-7163
-7163
-7163
-7161
-7160
-7155
-7151
-7150
-7150
-7149
-7145
-7143
-7137
-7135
-7130
-7126
-7124
-7123
-7119
-7117
-7115
-7114
-7114
-7114
-7113
-7112
-7110
-7109
-7101
-7101
-7098
-7096
-7092
-7092
-7089
-7089
-7089
-7089
-7088
-7084
-7077
-7076
-7075
-7070
-7070
-7069
-7068
-7067
-7065
-7064
-7063
-7059
-7058
-7057
-7056
-7054
-7052
-7048
-7045
-7043
-7039
-7038
-7037
-7036
-7035
-7034
-7026
-7024
-7024
-7022
-7021
-7019
-7019
-7018
-7014
-7013
-7011
-7010
-7009
-7008
-7006
-7004
-7004
-7003
-7000
-6994
-6993
-6992
-6990
-6989
-6988
-6987
-6987
-6986
-6986
-6983
-6982
-6981
-6979
-6978
-6977
-6977
-6975
-6972
-6969
-6964
-6963
-6962
-6961
-6957
-6955
-6954
-6953
-6949
-6949
-6949
-6944
-6941
-6940
-6934
-6931
-6922
-6917
-6914
-6913
-6910
-6907
-6907
-6907
-6905
-6905
-6902
-6901
-6899
-6897
-6897
-6896
-6895
-6895
-6892
-6885
-6885
-6885
-6885
-6876
-6874
-6873
-6871
-6870
-6869
-6868
-6868
-6865
-6859
-6859
-6859
-6859
-6858
-6848
-6842
-6840
-6840
-6839
-6838
-6838
-6835
-6834
-6833
-6832
-6830
-6829
-6823
-6823
-6822
-6822
-6819
-6816
-6815
-6814
-6812
-6810
-6808
-6806
-6803
-6801
-6800
-6797
-6796
-6794
-6793
-6793
-6789
-6788
-6788
-6785
-6785
-6783
-6782
-6781
-6780
-6780
-6778
-6778
-6778
-6778
-6776
-6775
-6773
-6770
-6770
-6769
-6769
-6768
-6766
-6764
-6763
-6761
-6761
-6760
-6759
-6756
-6755
-6752
-6751
-6751
-6750
-6749
-6745
-6744
-6743
-6742
-6742
-6740
-6738
-6738
-6737
-6735
-6734
-6733
-6730
-6727
-6726
-6723
-6722
-6720
-6720
-6720
-6717
-6714
-6711
-6708
-6708
-6708
-6706
-6699
-6696
-6696
-6689
-6688
-6686
-6684
-6682
-6681
-6681
-6679
-6676
-6671
-6668
-6667
-6665
-6663
-6663
-6662
-6661
-6659
-6658
-6657
-6651
-6651
-6650
-6645
-6635
-6634
-6631
-6630
-6625
-6625
-6621
-6621
-6619
-6618
-6615
-6614
-6610
-6609
-6608
-6607
-6606
-6605
-6603
-6602
-6601
-6598
-6598
-6596
-6596
-6593
-6591
-6591
-6586
-6585
-6578
-6575
-6575
-6574
-6574
-6574
-6569
-6566
-6564
-6564
-6559
-6559
-6556
-6556
-6555
-6555
-6555
-6550
-6545
-6544
-6543
-6542
-6542
-6541
-6540
-6534
-6534
-6532
-6531
-6525
-6524
-6518
-6518
-6514
-6511
-6510
-6507
-6503
-6501
-6499
-6498
-6495
-6495
-6494
-6490
-6488
-6483
-6483
-6482
-6480
-6475
-6474
-6471
-6470
-6470
-6469
-6468
-6462
-6460
-6452
-6452
-6452
-6452
-6448
-6448
-6447
-6447
-6445
-6444
-6434
-6428
-6427
-6425
-6425
-6424
-6424
-6414
-6413
-6411
-6409
-6408
-6406
-6396
-6387
-6385
-6382
-6381
-6377
-6376
-6375
-6374
-6372
-6372
-6371
-6371
-6369
-6368
-6360
-6358
-6356
-6355
-6355
-6353
-6352
-6352
-6347
-6342
-6337
-6336
-6333
-6332
-6331
-6331
-6328
-6327
-6320
-6319
-6316
-6316
-6316
-6311
-6311
-6309
-6307
-6307
-6306
-6305
-6301
-6299
-6298
-6298
-6297
-6295
-6294
-6293
-6293
-6293
-6290
-6285
-6281
-6279
-6278
-6271
-6267
-6265
-6264
-6263
-6260
-6259
-6258
-6258
-6257
-6256
-6255
-6247
-6246
-6245
-6244
-6240
-6237
-6234
-6231
-6229
-6227
-6227
-6224
-6223
-6220
-6218
-6214
-6214
-6213
-6212
-6211
-6211
-6209
-6208
-6207
-6205
-6202
-6192
-6189
-6188
-6188
-6182
-6181
-6181
-6181
-6178
-6178
-6177
-6176
-6168
-6167
-6167
-6165
-6164
-6161
-6158
-6158
-6157
-6157
-6157
-6156
-6154
-6151
-6151
-6150
-6150
-6146
-6140
-6139
-6139
-6137
-6136
-6135
-6134
-6130
-6122
-6120
-6117
-6116
-6116
-6115
-6113
-6113
-6108
-6107
-6107
-6106
-6106
-6106
-6105
-6101
-6099
-6099
-6098
-6098
-6084
-6082
-6079
-6079
-6077
-6076
-6076
-6075
-6069
-6069
-6065
-6062
-6060
-6057
-6054
-6053
-6051
-6051
-6044
-6041
-6040
-6040
-6036
-6036
-6033
-6031
-6029
-6028
-6024
-6019
-6017
-6014
-6012
-6011
-6010
-6004
-6004
-6003
-6003
-6003
-6001
-6000
-5998
-5996
-5995
-5995
-5994
-5994
-5992
-5991
-5990
-5988
-5986
-5986
-5982
-5982
-5980
-5978
-5973
-5973
-5973
-5969
-5969
-5967
-5966
-5965
-5965
-5962
-5962
-5960
-5958
-5954
-5952
-5952
-5950
-5947
-5945
-5944
-5944
-5944
-5942
-5939
-5937
-5935
-5933
-5931
-5930
-5930
-5930
-5927
-5927
-5924
-5923
-5923
-5921
-5917
-5916
-5914
-5911
-5910
-5904
-5900
-5899
-5896
-5891
-5890
-5885
-5883
-5881
-5880
-5880
-5877
-5877
-5876
-5873
-5872
-5867
-5864
-5861
-5861
-5859
-5859
-5857
-5856
-5849
-5848
-5847
-5847
-5844
-5843
-5841
-5841
-5839
-5838
-5837
-5837
-5834
-5834
-5831
-5825
-5818
-5818
-5815
-5814
-5813
-5812
-5810
-5806
-5805
-5804
-5800
-5799
-5798
-5798
-5791
-5789
-5788
-5788
-5787
-5787
-5787
-5786
-5786
-5784
-5783
-5777
-5777
-5775
-5770
-5768
-5767
-5766
-5765
-5765
-5765
-5764
-5760
-5760
-5757
-5757
-5756
-5753
-5752
-5747
-5746
-5743
-5741
-5739
-5734
-5734
-5732
-5732
-5730
-5730
-5727
-5726
-5726
-5723
-5719
-5718
-5711
-5711
-5709
-5708
-5707
-5705
-5701
-5701
-5696
-5692
-5690
-5687
-5685
-5682
-5677
-5675
-5674
-5673
-5672
-5672
-5672
-5672
-5670
-5668
-5667
-5662
-5662
-5659
-5659
-5653
-5647
-5645
-5645
-5644
-5631
-5631
-5626
-5621
-5621
-5617
-5614
-5611
-5611
-5606
-5606
-5604
-5604
-5602
-5599
-5597
-5593
-5592
-5591
-5591
-5591
-5590
-5588
-5588
-5587
-5585
-5583
-5582
-5582
-5582
-5580
-5580
-5579
-5578
-5577
-5577
-5575
-5571
-5568
-5568
-5563
-5563
-5561
-5559
-5556
-5555
-5551
-5546
-5539
-5536
-5529
-5526
-5525
-5524
-5524
-5523
-5522
-5522
-5522
-5521
-5521
-5518
-5518
-5516
-5514
-5511
-5509
-5509
-5508
-5506
-5505
-5500
-5499
-5499
-5498
-5495
-5494
-5492
-5487
-5487
-5484
-5484
-5481
-5480
-5479
-5476
-5474
-5473
-5473
-5472
-5472
-5471
-5471
-5468
-5465
-5462
-5459
-5455
-5454
-5454
-5453
-5449
-5448
-5448
-5446
-5444
-5443
-5437
-5435
-5434
-5432
-5429
-5427
-5426
-5425
-5425
-5422
-5420
-5419
-5417
-5417
-5414
-5413
-5410
-5410
-5410
-5408
-5407
-5404
-5402
-5401
-5399
-5399
-5391
-5387
-5383
-5379
-5377
-5377
-5377
-5375
-5372
-5369
-5369
-5368
-5368
-5366
-5365
-5364
-5364
-5363
-5358
-5356
-5355
-5355
-5353
-5351
-5344
-5341
-5336
-5335
-5335
-5331
-5330
-5328
-5325
-5323
-5317
-5317
-5316
-5316
-5314
-5309
-5308
-5303
-5301
-5301
-5301
-5301
-5300
-5297
-5296
-5293
-5292
-5292
-5290
-5288
-5288
-5282
-5281
-5275
-5274
-5273
-5271
-5269
-5269
-5267
-5267
-5265
-5261
-5261
-5260
-5259
-5258
-5256
-5256
-5249
-5248
-5248
-5247
-5246
-5246
-5243
-5240
-5237
-5236
-5236
-5232
-5232
-5230
-5228
-5227
-5227
-5226
-5219
-5215
-5214
-5211
-5211
-5210
-5209
-5209
-5209
-5198
-5197
-5196
-5194
-5192
-5190
-5186
-5179
-5177
-5177
-5175
-5172
-5171
-5170
-5168
-5167
-5166
-5163
-5161
-5159
-5158
-5156
-5154
-5152
-5152
-5149
-5149
-5147
-5145
-5143
-5142
-5141
-5140
-5139
-5137
-5133
-5132
-5130
-5127
-5127
-5126
-5126
-5124
-5120
-5119
-5116
-5115
-5115
-5115
-5109
-5109
-5107
-5106
-5105
-5105
-5104
-5103
-5095
-5091
-5090
-5089
-5086
-5083
-5081
-5079
-5072
-5071
-5068
-5067
-5060
-5059
-5058
-5056
-5056
-5053
-5052
-5039
-5037
-5034
-5034
-5033
-5032
-5032
-5028
-5028
-5018
-5015
-5014
-5014
-5012
-5011
-5010
-5010
-5009
-5009
-5008
-5008
-5007
-5003
-5002
-5000
-4999
-4995
-4994
-4992
-4992
-4991
-4990
-4989
-4984
-4980
-4979
-4979
-4976
-4975
-4973
-4971
-4969
-4968
-4963
-4962
-4959
-4958
-4953
-4951
-4945
-4943
-4938
-4930
-4930
-4929
-4927
-4925
-4920
-4920
-4917
-4916
-4908
-4907
-4907
-4907
-4906
-4904
-4899
-4898
-4897
-4896
-4893
-4891
-4891
-4886
-4883
-4882
-4881
-4880
-4874
-4873
-4872
-4872
-4871
-4871
-4869
-4864
-4858
-4856
-4856
-4855
-4852
-4844
-4840
-4836
-4834
-4832
-4828
-4826
-4820
-4819
-4818
-4817
-4815
-4813
-4813
-4811
-4810
-4806
-4805
-4803
-4803
-4802
-4801
-4798
-4797
-4797
-4796
-4795
-4794
-4794
-4794
-4784
-4779
-4775
-4773
-4770
-4770
-4767
-4762
-4762
-4762
-4760
-4759
-4757
-4756
-4749
-4748
-4746
-4740
-4739
-4739
-4737
-4735
-4735
-4734
-4734
-4731
-4731
-4729
-4729
-4727
-4727
-4720
-4719
-4719
-4716
-4713
-4705
-4704
-4703
-4703
-4695
-4691
-4689
-4687
-4682
-4678
-4678
-4678
-4676
-4675
-4668
-4660
-4658
-4653
-4648
-4646
-4643
-4642
-4642
-4641
-4637
-4636
-4634
-4634
-4632
-4630
-4629
-4624
-4624
-4624
-4624
-4621
-4620
-4616
-4616
-4612
-4612
-4611
-4608
-4607
-4606
-4604
-4603
-4601
-4600
-4600
-4599
-4597
-4596
-4594
-4594
-4593
-4593
-4590
-4585
-4584
-4583
-4577
-4574
-4573
-4572
-4571
-4571
-4571
-4570
-4569
-4568
-4566
-4560
-4556
-4555
-4554
-4553
-4552
-4551
-4550
-4549
-4548
-4542
-4540
-4539
-4537
-4534
-4532
-4531
-4531
-4529
-4527
-4525
-4525
-4522
-4521
-4518
-4515
-4515
-4513
-4510
-4508
-4505
-4505
-4503
-4501
-4501
-4499
-4498
-4495
-4493
-4491
-4491
-4488
-4486
-4486
-4485
-4481
-4472
-4472
-4471
-4470
-4463
-4463
-4461
-4459
-4458
-4457
-4453
-4449
-4443
-4443
-4441
-4441
-4440
-4434
-4432
-4432
-4431
-4429
-4422
-4422
-4421
-4419
-4417
-4416
-4414
-4412
-4411
-4411
-4411
-4408
-4404
-4403
-4401
-4400
-4399
-4399
-4399
-4398
-4395
-4395
-4393
-4392
-4391
-4390
-4390
-4390
-4389
-4387
-4385
-4383
-4379
-4378
-4376
-4375
-4372
-4369
-4367
-4366
-4363
-4358
-4355
-4353
-4352
-4351
-4351
-4350
-4348
-4348
-4342
-4340
-4339
-4339
-4338
-4337
-4335
-4333
-4331
-4329
-4328
-4325
-4321
-4321
-4320
-4319
-4319
-4317
-4311
-4310
-4309
-4308
-4307
-4306
-4306
-4300
-4300
-4299
-4298
-4296
-4295
-4294
-4294
-4293
-4292
-4287
-4284
-4282
-4281
-4278
-4277
-4275
-4271
-4270
-4270
-4270
-4270
-4270
-4270
-4270
-4268
-4261
-4258
-4256
-4254
-4252
-4252
-4252
-4251
-4248
-4243
-4240
-4238
-4238
-4234
-4234
-4234
-4231
-4230
-4229
-4229
-4225
-4223
-4223
-4221
-4220
-4220
-4218
-4217
-4214
-4214
-4212
-4212
-4211
-4211
-4209
-4209
-4208
-4207
-4206
-4201
-4196
-4194
-4193
-4192
-4189
-4188
-4185
-4184
-4184
-4183
-4179
-4172
-4172
-4172
-4168
-4167
-4165
-4153
-4150
-4149
-4148
-4147
-4146
-4145
-4140
-4139
-4136
-4130
-4129
-4127
-4127
-4126
-4123
-4122
-4122
-4121
-4121
-4120
-4114
-4108
-4108
-4101
-4099
-4093
-4092
-4091
-4091
-4091
-4088
-4087
-4083
-4082
-4081
-4080
-4080
-4079
-4079
-4078
-4078
-4076
-4075
-4075
-4075
-4073
-4068
-4067
-4065
-4062
-4061
-4058
-4057
-4053
-4053
-4049
-4049
-4049
-4049
-4048
-4046
-4045
-4043
-4041
-4041
-4035
-4035
-4035
-4031
-4029
-4029
-4028
-4028
-4028
-4027
-4023
-4021
-4021
-4018
-4016
-4013
-4013
-4012
-4011
-4011
-4008
-4003
-4002
-3998
-3997
-3996
-3992
-3991
-3990
-3981
-3976
-3973
-3969
-3968
-3968
-3966
-3966
-3964
-3962
-3960
-3960
-3958
-3958
-3958
-3955
-3947
-3946
-3946
-3946
-3945
-3942
-3940
-3940
-3934
-3933
-3931
-3931
-3927
-3926
-3924
-3921
-3921
-3920
-3919
-3918
-3915
-3912
-3912
-3905
-3902
-3902
-3898
-3897
-3896
-3893
-3893
-3889
-3888
-3886
-3885
-3881
-3877
-3874
-3870
-3869
-3869
-3867
-3867
-3867
-3866
-3863
-3862
-3861
-3856
-3854
-3852
-3847
-3844
-3844
-3843
-3842
-3837
-3835
-3832
-3832
-3830
-3830
-3828
-3828
-3827
-3827
-3824
-3821
-3818
-3812
-3811
-3811
-3806
-3798
-3797
-3796
-3796
-3796
-3795
-3794
-3794
-3793
-3790
-3788
-3787
-3782
-3779
-3776
-3773
-3768
-3766
-3763
-3762
-3761
-3761
-3760
-3756
-3754
-3754
-3753
-3748
-3747
-3745
-3744
-3744
-3740
-3733
-3730
-3728
-3726
-3725
-3724
-3723
-3722
-3721
-3720
-3718
-3715
-3714
-3713
-3711
-3711
-3709
-3705
-3704
-3698
-3696
-3693
-3691
-3691
-3690
-3689
-3682
-3682
-3680
-3678
-3672
-3668
-3666
-3664
-3664
-3648
-3647
-3646
-3645
-3644
-3642
-3640
-3638
-3638
-3636
-3636
-3634
-3628
-3626
-3625
-3623
-3622
-3620
-3618
-3617
-3614
-3604
-3603
-3602
-3601
-3600
-3600
-3599
-3599
-3597
-3593
-3593
-3580
-3572
-3569
-3565
-3563
-3561
-3561
-3560
-3560
-3558
-3556
-3554
-3552
-3551
-3547
-3547
-3546
-3546
-3542
-3539
-3538
-3536
-3534
-3534
-3531
-3527
-3522
-3521
-3521
-3519
-3517
-3514
-3514
-3513
-3512
-3511
-3500
-3500
-3498
-3497
-3493
-3492
-3491
-3491
-3489
-3489
-3488
-3481
-3481
-3479
-3477
-3474
-3473
-3469
-3469
-3468
-3468
-3463
-3463
-3460
-3459
-3459
-3452
-3451
-3448
-3448
-3447
-3446
-3441
-3438
-3437
-3436
-3435
-3435
-3422
-3422
-3421
-3421
-3420
-3420
-3420
-3417
-3415
-3415
-3413
-3410
-3409
-3409
-3406
-3405
-3405
-3403
-3399
-3394
-3385
-3384
-3383
-3379
-3378
-3376
-3368
-3366
-3359
-3359
-3357
-3357
-3355
-3355
-3345
-3345
-3342
-3338
-3337
-3335
-3334
-3334
-3332
-3330
-3325
-3319
-3319
-3318
-3317
-3316
-3314
-3314
-3312
-3312
-3309
-3307
-3306
-3305
-3304
-3303
-3301
-3300
-3297
-3295
-3294
-3293
-3290
-3288
-3286
-3286
-3285
-3284
-3279
-3277
-3277
-3275
-3274
-3272
-3272
-3272
-3271
-3264
-3263
-3262
-3261
-3258
-3252
-3251
-3248
-3247
-3246
-3246
-3243
-3243
-3241
-3240
-3236
-3235
-3235
-3234
-3234
-3233
-3233
-3229
-3229
-3227
-3225
-3221
-3219
-3218
-3217
-3216
-3215
-3215
-3211
-3208
-3205
-3199
-3196
-3196
-3194
-3194
-3191
-3189
-3186
-3186
-3184
-3184
-3183
-3179
-3179
-3175
-3174
-3172
-3172
-3171
-3170
-3169
-3164
-3162
-3159
-3158
-3158
-3158
-3157
-3154
-3153
-3151
-3150
-3145
-3143
-3138
-3137
-3132
-3131
-3131
-3129
-3129
-3127
-3126
-3126
-3124
-3122
-3121
-3120
-3114
-3111
-3110
-3107
-3104
-3102
-3101
-3100
-3095
-3093
-3093
-3093
-3091
-3088
-3087
-3086
-3086
-3083
-3081
-3080
-3080
-3078
-3074
-3074
-3072
-3069
-3065
-3061
-3058
-3057
-3055
-3054
-3053
-3052
-3048
-3045
-3044
-3042
-3040
-3039
-3038
-3035
-3035
-3033
-3030
-3028
-3028
-3026
-3024
-3022
-3022
-3020
-3020
-3016
-3014
-3014
-3013
-3013
-3011
-3008
-3003
-3000
-2999
-2998
-2998
-2995
-2995
-2995
-2992
-2992
-2985
-2984
-2984
-2981
-2974
-2969
-2966
-2960
-2958
-2957
-2956
-2956
-2955
-2955
-2952
-2951
-2950
-2948
-2946
-2945
-2943
-2941
-2938
-2936
-2934
-2930
-2925
-2925
-2924
-2923
-2916
-2916
-2915
-2914
-2913
-2912
-2912
-2908
-2902
-2895
-2893
-2893
-2888
-2888
-2885
-2881
-2881
-2879
-2879
-2879
-2878
-2876
-2875
-2866
-2864
-2858
-2854
-2853
-2846
-2845
-2836
-2835
-2834
-2832
-2831
-2828
-2828
-2826
-2821
-2818
-2818
-2814
-2813
-2809
-2808
-2808
-2805
-2805
-2804
-2804
-2802
-2800
-2798
-2797
-2796
-2795
-2791
-2788
-2783
-2781
-2779
-2778
-2774
-2773
-2769
-2769
-2769
-2766
-2765
-2763
-2762
-2760
-2758
-2749
-2738
-2735
-2735
-2731
-2730
-2729
-2729
-2728
-2726
-2725
-2723
-2722
-2721
-2717
-2717
-2716
-2716
-2716
-2715
-2715
-2715
-2713
-2712
-2709
-2709
-2708
-2707
-2700
-2699
-2698
-2696
-2688
-2680
-2679
-2677
-2675
-2673
-2673
-2669
-2664
-2663
-2659
-2655
-2653
-2646
-2645
-2642
-2641
-2640
-2638
-2638
-2636
-2633
-2632
-2629
-2628
-2628
-2619
-2619
-2617
-2616
-2616
-2613
-2613
-2613
-2610
-2609
-2608
-2606
-2604
-2601
-2601
-2598
-2595
-2588
-2587
-2587
-2586
-2584
-2578
-2577
-2573
-2572
-2571
-2571
-2568
-2566
-2565
-2560
-2552
-2548
-2548
-2547
-2545
-2543
-2543
-2542
-2535
-2535
-2532
-2531
-2529
-2528
-2527
-2527
-2526
-2525
-2521
-2521
-2521
-2520
-2519
-2518
-2516
-2514
-2512
-2508
-2506
-2505
-2504
-2502
-2501
-2496
-2495
-2494
-2494
-2493
-2493
-2491
-2487
-2485
-2484
-2479
-2477
-2475
-2470
-2463
-2462
-2462
-2461
-2460
-2460
-2459
-2459
-2457
-2457
-2452
-2452
-2448
-2447
-2441
-2437
-2436
-2435
-2432
-2432
-2430
-2428
-2426
-2426
-2426
-2425
-2420
-2416
-2416
-2413
-2412
-2411
-2406
-2403
-2402
-2400
-2398
-2395
-2393
-2392
-2379
-2377
-2376
-2375
-2374
-2367
-2362
-2362
-2360
-2357
-2357
-2356
-2355
-2355
-2353
-2351
-2349
-2347
-2344
-2343
-2336
-2335
-2331
-2329
-2328
-2326
-2324
-2324
-2321
-2319
-2319
-2315
-2306
-2304
-2304
-2303
-2303
-2303
-2289
-2288
-2287
-2287
-2282
-2278
-2278
-2275
-2274
-2274
-2273
-2272
-2269
-2269
-2256
-2256
-2254
-2252
-2252
-2248
-2246
-2241
-2235
-2234
-2232
-2228
-2225
-2221
-2210
-2209
-2208
-2206
-2205
-2202
-2201
-2199
-2198
-2196
-2194
-2192
-2192
-2191
-2190
-2186
-2180
-2179
-2178
-2177
-2172
-2170
-2169
-2169
-2166
-2165
-2163
-2162
-2155
-2154
-2152
-2152
-2151
-2149
-2144
-2141
-2140
-2138
-2135
-2132
-2128
-2114
-2107
-2105
-2099
-2099
-2097
-2095
-2094
-2093
-2093
-2089
-2086
-2081
-2081
-2079
-2078
-2075
-2075
-2071
-2071
-2069
-2062
-2058
-2058
-2056
-2054
-2048
-2046
-2042
-2041
-2041
-2037
-2036
-2033
-2031
-2031
-2030
-2027
-2025
-2025
-2023
-2023
-2022
-2019
-2013
-2007
-2006
-2004
-2002
-2001
-1990
-1989
-1988
-1987
-1986
-1986
-1984
-1982
-1978
-1976
-1976
-1975
-1975
-1974
-1974
-1973
-1972
-1971
-1971
-1969
-1967
-1965
-1965
-1961
-1956
-1956
-1953
-1950
-1946
-1946
-1939
-1939
-1937
-1935
-1935
-1932
-1931
-1928
-1924
-1923
-1923
-1922
-1920
-1918
-1916
-1915
-1912
-1911
-1910
-1907
-1906
-1899
-1899
-1898
-1895
-1891
-1886
-1881
-1877
-1874
-1873
-1870
-1869
-1862
-1862
-1862
-1860
-1858
-1856
-1856
-1855
-1855
-1851
-1842
-1842
-1841
-1841
-1839
-1839
-1834
-1833
-1826
-1825
-1821
-1821
-1816
-1814
-1812
-1811
-1809
-1809
-1806
-1805
-1801
-1801
-1801
-1800
-1795
-1795
-1793
-1790
-1788
-1786
-1783
-1782
-1780
-1780
-1778
-1777
-1773
-1773
-1769
-1766
-1766
-1766
-1765
-1763
-1753
-1753
-1749
-1749
-1747
-1747
-1746
-1742
-1740
-1740
-1737
-1736
-1735
-1732
-1728
-1724
-1722
-1722
-1720
-1718
-1715
-1715
-1715
-1713
-1711
-1705
-1705
-1702
-1702
-1700
-1699
-1695
-1694
-1693
-1692
-1686
-1680
-1680
-1679
-1678
-1673
-1673
-1672
-1671
-1667
-1663
-1661
-1660
-1660
-1659
-1657
-1657
-1657
-1657
-1656
-1655
-1655
-1652
-1650
-1648
-1647
-1645
-1642
-1642
-1635
-1633
-1632
-1631
-1630
-1629
-1627
-1624
-1623
-1622
-1622
-1622
-1614
-1610
-1605
-1604
-1603
-1600
-1599
-1599
-1597
-1594
-1593
-1588
-1588
-1587
-1585
-1584
-1580
-1579
-1575
-1574
-1571
-1571
-1570
-1569
-1568
-1566
-1566
-1566
-1564
-1560
-1559
-1558
-1558
-1554
-1552
-1552
-1546
-1542
-1537
-1536
-1536
-1534
-1534
-1534
-1534
-1532
-1531
-1531
-1528
-1528
-1526
-1524
-1519
-1519
-1519
-1518
-1518
-1514
-1510
-1507
-1505
-1504
-1504
-1504
-1495
-1495
-1491
-1491
-1487
-1486
-1485
-1485
-1479
-1479
-1478
-1477
-1476
-1474
-1471
-1470
-1467
-1466
-1465
-1463
-1463
-1460
-1459
-1456
-1455
-1455
-1451
-1450
-1449
-1445
-1443
-1440
-1438
-1434
-1427
-1427
-1425
-1423
-1421
-1418
-1417
-1417
-1415
-1415
-1414
-1412
-1411
-1410
-1410
-1410
-1408
-1407
-1407
-1407
-1406
-1406
-1405
-1404
-1399
-1399
-1396
-1394
-1391
-1389
-1389
-1388
-1385
-1383
-1380
-1379
-1379
-1369
-1365
-1365
-1365
-1363
-1362
-1362
-1360
-1359
-1354
-1354
-1351
-1351
-1350
-1350
-1347
-1346
-1346
-1343
-1342
-1342
-1340
-1338
-1337
-1336
-1333
-1332
-1332
-1329
-1327
-1326
-1326
-1325
-1325
-1325
-1319
-1319
-1315
-1313
-1313
-1312
-1310
-1307
-1303
-1302
-1296
-1296
-1296
-1295
-1293
-1293
-1293
-1276
-1275
-1273
-1272
-1269
-1264
-1264
-1261
-1260
-1260
-1256
-1255
-1255
-1248
-1246
-1244
-1244
-1238
-1236
-1234
-1230
-1225
-1222
-1221
-1219
-1216
-1216
-1214
-1209
-1206
-1199
-1197
-1195
-1194
-1194
-1193
-1191
-1190
-1188
-1188
-1185
-1182
-1182
-1182
-1179
-1178
-1177
-1173
-1170
-1168
-1162
-1162
-1159
-1159
-1159
-1155
-1152
-1151
-1148
-1143
-1143
-1140
-1138
-1136
-1133
-1133
-1133
-1131
-1129
-1129
-1126
-1125
-1116
-1115
-1115
-1114
-1112
-1111
-1104
-1104
-1102
-1102
-1099
-1097
-1096
-1093
-1093
-1090
-1090
-1088
-1085
-1084
-1082
-1076
-1076
-1076
-1074
-1072
-1072
-1068
-1066
-1065
-1065
-1062
-1061
-1045
-1044
-1042
-1042
-1041
-1038
-1037
-1036
-1029
-1024
-1024
-1023
-1023
-1022
-1020
-1018
-1018
-1015
-1015
-1013
-1013
-1009
-1005
-1005
-1004
-1002
-1001
-997
-993
-991
-990
-986
-984
-980
-978
-978
-968
-965
-963
-960
-959
-959
-952
-949
-949
-947
-944
-939
-939
-939
-937
-936
-935
-935
-932
-930
-928
-925
-925
-924
-924
-924
-918
-917
-915
-915
-912
-911
-911
-910
-909
-904
-904
-894
-890
-888
-887
-887
-885
-885
-883
-881
-875
-875
-875
-873
-869
-863
-863
-862
-860
-856
-854
-854
-854
-851
-850
-847
-847
-847
-845
-845
-841
-838
-836
-835
-834
-833
-826
-825
-817
-812
-812
-810
-808
-805
-804
-804
-804
-799
-799
-799
-794
-792
-792
-791
-791
-788
-787
-785
-785
-783
-782
-780
-779
-774
-773
-772
-765
-765
-764
-763
-755
-749
-746
-745
-742
-740
-737
-735
-733
-733
-732
-732
-732
-729
-728
-728
-722
-716
-714
-714
-711
-710
-705
-704
-701
-700
-698
-695
-689
-687
-683
-681
-679
-674
-667
-664
-663
-658
-650
-648
-648
-646
-646
-646
-644
-643
-641
-638
-638
-637
-637
-635
-632
-630
-630
-629
-627
-626
-624
-622
-622
-620
-618
-617
-616
-615
-607
-606
-603
-601
-601
-601
-599
-597
-596
-594
-590
-588
-586
-581
-578
-577
-573
-570
-564
-563
-560
-558
-557
-552
-551
-550
-550
-549
-547
-544
-544
-542
-541
-540
-539
-537
-536
-530
-528
-523
-523
-521
-518
-518
-516
-516
-513
-506
-504
-503
-502
-501
-500
-499
-499
-498
-490
-490
-489
-488
-487
-482
-482
-478
-473
-472
-470
-470
-468
-468
-466
-466
-466
-465
-464
-462
-458
-457
-455
-453
-453
-450
-450
-448
-445
-444
-444
-443
-442
-441
-436
-433
-432
-431
-428
-428
-425
-425
-424
-423
-423
-423
-422
-419
-419
-418
-416
-413
-407
-403
-402
-396
-394
-391
-389
-388
-388
-387
-380
-377
-375
-371
-371
-371
-370
-366
-366
-365
-364
-363
-362
-359
-359
-354
-352
-352
-350
-347
-342
-337
-334
-332
-332
-330
-327
-326
-326
-324
-321
-320
-319
-318
-316
-314
-314
-312
-311
-308
-308
-304
-296
-296
-296
-290
-289
-288
-286
-284
-282
-281
-278
-277
-276
-274
-272
-271
-270
-269
-266
-265
-263
-261
-255
-255
-253
-248
-247
-247
-246
-245
-245
-244
-243
-239
-239
-238
-232
-231
-230
-229
-228
-225
-225
-224
-220
-215
-214
-211
-209
-208
-205
-205
-204
-202
-202
-200
-200
-198
-194
-192
-191
-189
-187
-187
-186
-185
-184
-184
-184
-183
-183
-182
-180
-179
-177
-175
-172
-171
-169
-167
-162
-159
-157
-154
-153
-152
-150
-148
-146
-144
-144
-144
-141
-139
-139
-136
-133
-133
-133
-132
-128
-127
-123
-121
-114
-111
-109
-106
-104
-102
-101
-95
-93
-91
-90
-86
-85
-82
-81
-80
-77
-74
-73
-70
-68
-67
-67
-66
-65
-62
-62
-61
-59
-56
-55
-55
-48
-46
-45
-44
-43
-38
-34
-30
-30
-29
-26
-21
-19
-17
-13
-11
-10
-9
-4
1
4
7
11
17
23
23
28
37
39
41
42
43
43
45
45
48
51
51
51
51
52
52
53
53
53
54
58
61
63
64
68
70
72
74
81
82
89
91
92
92
93
97
98
102
102
103
105
105
106
117
126
129
130
132
134
134
135
136
137
137
140
142
145
146
146
150
153
157
157
158
166
168
168
169
170
171
173
178
179
179
179
180
183
187
187
187
189
191
192
194
199
202
203
203
204
205
206
211
213
214
216
217
218
220
220
223
223
228
230
230
230
231
233
235
236
241
244
248
251
260
260
260
260
265
266
266
266
268
271
272
274
276
277
280
280
281
281
282
282
284
284
285
285
286
289
290
293
296
297
304
307
314
315
325
326
330
332
336
337
342
343
343
345
345
351
352
353
353
354
354
355
357
359
360
362
363
365
370
371
372
374
375
375
378
379
382
384
385
385
388
394
395
395
397
397
398
402
404
407
408
408
409
410
412
413
414
415
416
419
421
423
425
426
432
435
441
441
441
441
442
442
450
451
452
457
464
465
468
469
469
470
473
474
474
475
477
483
485
488
491
493
493
494
500
500
500
505
505
506
510
511
511
513
514
520
520
522
522
524
527
529
529
531
532
535
539
542
544
545
546
546
548
549
550
554
556
564
565
567
568
569
570
570
574
574
578
578
578
579
581
581
583
590
594
596
604
604
608
610
612
612
613
617
618
619
622
625
626
627
629
633
635
636
640
642
642
644
646
648
654
656
657
658
659
659
660
661
663
665
667
670
678
679
683
688
688
688
689
690
694
694
695
696
699
700
702
704
712
714
716
716
719
720
723
724
725
728
731
732
735
741
744
747
748
750
753
758
761
764
768
771
771
772
775
777
778
779
788
789
792
795
798
803
805
807
809
810
812
813
815
816
818
821
822
822
824
825
827
832
832
840
840
842
844
845
846
846
847
847
849
854
854
855
856
857
857
858
859
862
864
868
869
872
876
885
886
887
888
888
894
894
896
898
899
906
907
908
911
913
913
915
915
917
919
921
921
921
922
923
935
937
942
943
943
945
947
949
950
951
956
957
958
959
960
961
962
966
966
972
977
983
986
986
986
986
986
988
989
989
989
995
999
1001
1002
1005
1005
1005
1007
1015
1016
1017
1017
1017
1017
1018
1023
1024
1026
1029
1031
1031
1033
1038
1040
1042
1044
1044
1047
1048
1049
1058
1061
1065
1066
1066
1068
1070
1071
1071
1074
1077
1077
1079
1084
1087
1087
1088
1089
1091
1099
1099
1101
1103
1104
1104
1105
1107
1108
1112
1115
1117
1118
1121
1127
1131
1134
1138
1142
1143
1144
1146
1152
1152
1153
1153
1156
1156
1157
1158
1164
1170
1171
1171
1172
1173
1175
1177
1177
1179
1180
1184
1193
1195
1201
1203
1203
1203
1210
1211
1211
1212
1214
1214
1215
1215
1220
1220
1221
1224
1225
1226
1229
1233
1235
1237
1238
1242
1242
1244
1246
1248
1248
1250
1251
1252
1253
1253
1255
1255
1259
1260
1263
1268
1270
1272
1276
1277
1279
1280
1284
1284
1286
1287
1287
1288
1288
1293
1296
1297
1297
1298
1299
1299
1303
1303
1304
1307
1313
1313
1317
1317
1319
1320
1323
1324
1328
1328
1328
1329
1330
1330
1338
1339
1340
1341
1343
1348
1350
1358
1360
1361
1367
1367
1368
1369
1370
1371
1373
1375
1377
1381
1381
1381
1394
1399
1400
1400
1401
1404
1406
1407
1410
1415
1416
1420
1424
1429
1430
1434
1434
1434
1434
1437
1438
1439
1440
1444
1446
1447
1448
1448
1450
1450
1451
1452
1457
1457
1461
1464
1467
1467
1468
1469
1469
1471
1474
1474
1479
1480
1481
1481
1483
1485
1485
1493
1493
1496
1496
1498
1501
1506
1508
1512
1513
1513
1514
1514
1516
1518
1523
1525
1531
1533
1533
1533
1535
1540
1541
1542
1543
1543
1543
1543
1550
1551
1551
1552
1552
1554
1555
1556
1556
1556
1559
1559
1560
1560
1564
1567
1570
1571
1573
1574
1575
1575
1577
1578
1581
1587
1588
1588
1590
1593
1593
1595
1598
1598
1599
1604
1606
1606
1608
1608
1609
1610
1610
1610
1615
1616
1621
1622
1623
1624
1627
1627
1629
1634
1634
1636
1637
1641
1642
1643
1645
1648
1648
1649
1650
1652
1656
1659
1660
1662
1663
1668
1673
1679
1679
1683
1685
1687
1688
1689
1689
1691
1692
1692
1693
1693
1693
1700
1701
1704
1706
1706
1708
1709
1711
1714
1715
1715
1716
1719
1720
1723
1728
1733
1736
1736
1737
1740
1742
1744
1744
1744
1747
1748
1751
1751
1752
1752
1752
1753
1759
1759
1760
1761
1763
1767
1769
1770
1772
1773
1773
1781
1782
1785
1789
1790
1792
1793
1795
1796
1797
1800
1803
1804
1805
1808
1815
1816
1816
1818
1822
1825
1829
1830
1830
1831
1837
1841
1844
1845
1846
1847
1848
1850
1853
1853
1854
1855
1857
1860
1862
1867
1869
1870
1871
1872
1873
1874
1875
1876
1878
1881
1882
1883
1883
1886
1890
1890
1891
1892
1893
1893
1893
1893
1901
1901
1904
1904
1904
1904
1905
1906
1906
1906
1909
1911
1913
1917
1918
1918
1920
1920
1920
1922
1922
1926
1926
1929
1930
1931
1932
1932
1932
1935
1937
1937
1943
1948
1952
1959
1959
1964
1965
1967
1971
1979
1984
1987
1988
1988
1993
1995
2001
2004
2005
2006
2010
2015
2016
2018
2020
2026
2027
2027
2029
2030
2032
2033
2033
2034
2035
2035
2036
2037
2037
2043
2043
2044
2050
2051
2051
2056
2058
2059
2059
2061
2061
2063
2066
2071
2072
2074
2077
2080
2082
2083
2084
2087
2089
2092
2096
2102
2102
2106
2111
2112
2114
2114
2115
2117
2118
2122
2125
2129
2131
2131
2131
2134
2135
2136
2137
2137
2137
2139
2143
2143
2147
2148
2148
2148
2152
2159
2160
2161
2165
2166
2167
2169
2169
2176
2177
2186
2186
2187
2187
2191
2192
2193
2194
2195
2196
2197
2197
2198
2199
2201
2201
2202
2206
2206
2208
2210
2210
2211
2213
2214
2219
2220
2224
2224
2227
2227
2232
2233
2235
2237
2237
2238
2241
2241
2242
2243
2243
2243
2243
2247
2251
2255
2257
2258
2260
2266
2266
2267
2268
2274
2279
2279
2280
2281
2283
2285
2285
2286
2288
2293
2294
2295
2297
2298
2304
2305
2307
2308
2311
2315
2318
2320
2323
2327
2327
2328
2328
2328
2329
2330
2332
2336
2339
2339
2339
2340
2340
2343
2345
2357
2359
2360
2361
2361
2364
2364
2366
2368
2369
2370
2374
2374
2375
2378
2380
2384
2385
2387
2387
2388
2395
2396
2398
2403
2406
2408
2409
2410
2412
2412
2413
2413
2413
2413
2419
2422
2423
2425
2426
2429
2429
2432
2434
2434
2435
2437
2438
2442
2442
2448
2449
2452
2454
2457
2460
2461
2461
2463
2465
2467
2469
2469
2469
2476
2477
2478
2481
2482
2482
2483
2484
2486
2487
2490
2490
2491
2492
2493
2493
2495
2496
2497
2498
2501
2501
2505
2505
2506
2508
2508
2509
2510
2514
2518
2519
2521
2523
2524
2525
2531
2533
2535
2536
2543
2544
2544
2545
2551
2557
2558
2562
2566
2568
2568
2570
2571
2580
2580
2583
2583
2586
2587
2587
2589
2590
2590
2592
2592
2596
2598
2601
2605
2606
2607
2608
2608
2610
2611
2612
2615
2615
2616
2618
2620
2621
2624
2625
2627
2629
2629
2634
2640
2644
2646
2646
2648
2653
2656
2659
2660
2660
2661
2661
2662
2662
2663
2665
2669
2669
2670
2672
2672
2674
2676
2677
2680
2681
2683
2683
2683
2685
2686
2689
2692
2693
2694
2695
2698
2698
2701
2702
2707
2708
2716
2717
2722
2725
2732
2732
2733
2735
2738
2739
2740
2742
2743
2748
2749
2751
2754
2754
2755
2755
2756
2757
2758
2763
2766
2767
2767
2769
2770
2771
2772
2772
2774
2776
2776
2776
2777
2777
2779
2780
2783
2783
2786
2787
2789
2790
2791
2792
2792
2795
2795
2796
2801
2802
2802
2803
2804
2805
2805
2807
2808
2809
2812
2815
2818
2821
2823
2825
2829
2829
2833
2837
2838
2839
2840
2841
2842
2844
2845
2850
2860
2861
2866
2867
2868
2870
2871
2875
2876
2879
2882
2884
2887
2889
2889
2890
2894
2896
2897
2898
2901
2903
2904
2910
2911
2914
2920
2924
2924
2925
2928
2934
2936
2936
2938
2944
2948
2953
2953
2955
2956
2961
2962
2967
2968
2971
2972
2974
2976
2977
2980
2981
2983
2985
2985
2988
2990
2994
2997
2999
3001
3002
3002
3007
3008
3013
3014
3021
3022
3023
3028
3028
3028
3029
3035
3035
3039
3041
3042
3043
3047
3047
3048
3048
3050
3050
3052
3053
3054
3057
3057
3060
3063
3064
3070
3070
3072
3073
3074
3075
3077
3077
3077
3081
3084
3087
3090
3090
3091
3093
3094
3094
3095
3096
3100
3102
3102
3106
3108
3108
3110
3112
3113
3117
3117
3121
3121
3122
3124
3129
3132
3132
3134
3136
3136
3138
3139
3145
3145
3155
3158
3159
3161
3162
3169
3170
3173
3173
3174
3175
3178
3178
3182
3182
3183
3183
3184
3185
3186
3187
3189
3193
3195
3198
3198
3200
3204
3205
3206
3207
3208
3208
3210
3211
3212
3214
3220
3227
3227
3229
3229
3231
3231
3232
3233
3237
3238
3242
3242
3247
3248
3249
3249
3250
3252
3257
3260
3261
3263
3266
3268
3269
3270
3270
3272
3272
3273
3276
3279
3284
3286
3287
3298
3298
3301
3305
3305
3308
3310
3313
3315
3321
3323
3324
3325
3327
3330
3331
3338
3339
3344
3349
3351
3353
3354
3355
3357
3358
3359
3359
3361
3361
3363
3368
3372
3373
3375
3376
3377
3379
3387
3387
3389
3392
3393
3399
3403
3404
3407
3407
3409
3412
3414
3414
3414
3416
3427
3430
3431
3432
3432
3432
3435
3436
3439
3441
3443
3444
3444
3445
3446
3448
3450
3452
3455
3455
3455
3457
3459
3460
3462
3463
3466
3467
3468
3468
3473
3474
3480
3483
3483
3484
3486
3489
3489
3490
3492
3492
3498
3500
3502
3505
3505
3507
3507
3509
3510
3514
3517
3523
3524
3525
3527
3534
3535
3538
3539
3542
3544
3545
3550
3554
3554
3557
3561
3562
3563
3566
3571
3572
3572
3577
3584
3585
3586
3586
3591
3591
3594
3601
3603
3603
3603
3605
3605
3608
3609
3611
3611
3618
3619
3620
3620
3620
3620
3620
3621
3621
3622
3626
3627
3628
3628
3630
3631
3633
3634
3640
3643
3643
3648
3649
3649
3651
3651
3652
3659
3664
3664
3664
3666
3666
3666
3673
3674
3675
3678
3681
3684
3686
3686
3686
3689
3690
3692
3694
3694
3696
3697
3698
3700
3700
3702
3703
3704
3706
3710
3712
3714
3716
3720
3721
3722
3725
3726
3730
3732
3732
3734
3736
3740
3740
3746
3746
3747
3748
3755
3756
3757
3760
3760
3763
3766
3767
3767
3768
3768
3769
3770
3770
3772
3775
3775
3775
3777
3779
3783
3783
3784
3786
3786
3789
3790
3792
3796
3796
3797
3799
3801
3802
3802
3804
3806
3809
3810
3813
3815
3817
3824
3828
3832
3832
3834
3839
3840
3841
3848
3848
3856
3858
3861
3863
3866
3869
3870
3871
3875
3876
3878
3882
3883
3888
3890
3891
3893
3893
3894
3901
3902
3902
3905
3909
3911
3913
3915
3920
3922
3923
3925
3926
3927
3930
3934
3935
3941
3944
3945
3946
3949
3949
3949
3951
3953
3956
3957
3958
3959
3960
3963
3964
3966
3967
3967
3967
3968
3976
3977
3978
3988
3991
3991
3996
3997
3999
4000
4004
4010
4010
4010
4011
4014
4017
4019
4020
4023
4024
4028
4029
4031
4031
4032
4035
4035
4039
4039
4043
4056
4060
4061
4064
4065
4066
4072
4074
4076
4078
4079
4082
4085
4089
4090
4090
4092
4092
4092
4093
4095
4095
4096
4097
4099
4099
4100
4100
4102
4106
4107
4112
4113
4113
4116
4122
4123
4123
4126
4128
4129
4132
4138
4140
4144
4144
4145
4146
4149
4151
4158
4158
4160
4164
4166
4167
4167
4169
4169
4174
4176
4179
4184
4184
4185
4185
4189
4190
4191
4194
4194
4195
4197
4198
4199
4200
4200
4201
4202
4204
4207
4208
4211
4212
4213
4213
4213
4214
4214
4216
4216
4216
4221
4222
4223
4226
4227
4228
4229
4230
4236
4238
4239
4240
4241
4246
4250
4253
4253
4256
4257
4259
4264
4264
4267
4270
4277
4279
4281
4282
4282
4284
4286
4286
4287
4288
4288
4290
4290
4293
4295
4298
4298
4301
4306
4308
4308
4310
4310
4310
4311
4314
4316
4319
4320
4321
4323
4329
4331
4335
4337
4340
4340
4343
4344
4346
4351
4355
4357
4358
4359
4362
4363
4364
4366
4368
4368
4369
4373
4375
4376
4377
4380
4380
4383
4383
4383
4384
4387
4388
4388
4388
4397
4402
4407
4407
4412
4419
4419
4420
4421
4421
4422
4426
4430
4432
4432
4438
4441
4442
4445
4448
4450
4451
4456
4457
4457
4458
4459
4459
4459
4465
4467
4468
4468
4469
4472
4474
4475
4475
4476
4477
4478
4479
4480
4480
4483
4485
4488
4491
4494
4500
4501
4503
4504
4509
4512
4515
4515
4515
4516
4517
4518
4518
4520
4524
4525
4526
4530
4532
4532
4534
4534
4536
4536
4540
4543
4543
4544
4545
4546
4548
4548
4552
4552
4555
4556
4557
4563
4568
4572
4574
4576
4577
4578
4580
4584
4586
4588
4588
4589
4591
4594
4600
4601
4607
4610
4615
4617
4619
4620
4623
4626
4629
4630
4633
4636
4637
4637
4641
4642
4645
4647
4648
4648
4648
4649
4650
4655
4656
4662
4663
4663
4664
4667
4672
4672
4673
4675
4681
4681
4684
4688
4689
4694
4695
4696
4698
4705
4709
4712
4713
4714
4715
4715
4720
4720
4720
4722
4722
4723
4725
4727
4728
4729
4729
4732
4732
4732
4746
4747
4747
4749
4750
4751
4752
4757
4759
4760
4761
4768
4771
4771
4778
4780
4780
4780
4785
4788
4789
4793
4799
4800
4803
4809
4810
4813
4818
4821
4822
4822
4823
4827
4830
4831
4837
4838
4841
4841
4843
4843
4845
4847
4851
4852
4858
4859
4860
4864
4865
4865
4866
4866
4869
4871
4872
4872
4876
4880
4881
4886
4891
4895
4897
4899
4904
4906
4907
4914
4915
4915
4916
4917
4918
4920
4922
4924
4927
4929
4931
4932
4936
4940
4940
4941
4944
4945
4948
4948
4948
4951
4952
4952
4953
4958
4958
4959
4963
4965
4965
4968
4972
4976
4977
4978
4978
4978
4981
4982
4983
4984
4986
4992
4994
4996
4998
4998
4999
4999
5000
5002
5004
5005
5008
5010
5010
5016
5017
5017
5019
5022
5023
5023
5026
5029
5030
5037
5037
5039
5041
5041
5044
5044
5047
5048
5049
5051
5051
5052
5053
5054
5059
5060
5072
5075
5079
5082
5083
5087
5091
5092
5092
5093
5095
5095
5096
5099
5101
5105
5105
5109
5110
5111
5113
5116
5118
5118
5121
5123
5124
5125
5127
5129
5133
5136
5141
5142
5142
5144
5145
5145
5147
5147
5157
5157
5160
5164
5168
5170
5170
5173
5174
5174
5176
5177
5180
5181
5181
5182
5187
5187
5187
5196
5197
5198
5198
5199
5201
5201
5201
5202
5206
5209
5212
5215
5217
5219
5220
5221
5222
5223
5224
5228
5228
5229
5230
5231
5231
5235
5236
5240
5243
5244
5246
5253
5254
5257
5263
5265
5266
5267
5268
5269
5273
5275
5275
5275
5279
5281
5285
5286
5287
5288
5289
5292
5294
5294
5296
5304
5305
5306
5310
5310
5311
5312
5313
5314
5319
5319
5321
5322
5322
5323
5323
5324
5330
5330
5332
5334
5335
5336
5337
5340
5341
5342
5344
5346
5351
5357
5358
5358
5360
5365
5367
5371
5371
5372
5373
5377
5379
5380
5382
5385
5386
5387
5388
5389
5391
5394
5398
5398
5399
5401
5403
5405
5405
5406
5409
5409
5411
5413
5417
5419
5425
5426
5426
5427
5428
5432
5436
5436
5437
5439
5440
5445
5446
5448
5448
5455
5455
5464
5466
5469
5471
5473
5478
5480
5484
5484
5489
5492
5499
5499
5500
5501
5505
5509
5512
5514
5515
5515
5516
5517
5521
5523
5523
5530
5533
5533
5535
5539
5540
5541
5541
5542
5543
5545
5546
5547
5547
5549
5552
5554
5560
5561
5562
5566
5566
5566
5568
5569
5570
5570
5575
5585
5585
5588
5589
5590
5593
5600
5602
5605
5608
5610
5610
5611
5611
5612
5614
5620
5624
5626
5627
5630
5635
5636
5643
5644
5651
5653
5654
5654
5657
5659
5660
5665
5666
5671
5677
5677
5678
5683
5685
5686
5687
5689
5690
5699
5702
5705
5708
5712
5713
5713
5714
5714
5721
5724
5728
5732
5735
5736
5737
5748
5749
5751
5751
5752
5752
5753
5754
5758
5759
5765
5766
5766
5767
5772
5775
5776
5776
5777
5778
5779
5781
5782
5783
5783
5787
5787
5788
5792
5794
5795
5798
5799
5801
5806
5809
5809
5810
5812
5819
5828
5828
5828
5831
5834
5837
5837
5839
5842
5842
5843
5845
5845
5846
5849
5849
5853
5855
5859
5860
5860
5863
5863
5864
5865
5866
5867
5873
5875
5876
5876
5882
5885
5885
5885
5888
5890
5896
5896
5902
5904
5909
5909
5910
5911
5916
5917
5918
5918
5919
5924
5928
5928
5930
5931
5932
5933
5935
5938
5939
5939
5940
5941
5941
5945
5948
5950
5951
5951
5952
5955
5958
5958
5958
5958
5958
5959
5961
5962
5962
5963
5965
5966
5966
5968
5969
5969
5975
5976
5977
5979
5982
5984
5992
5994
5995
5995
5997
5999
6000
6004
6004
6006
6008
6011
6014
6016
6016
6016
6017
6018
6018
6018
6018
6024
6029
6030
6036
6038
6038
6039
6044
6046
6050
6055
6055
6055
6061
6067
6068
6068
6070
6071
6073
6077
6080
6080
6082
6083
6084
6084
6088
6090
6094
6098
6099
6101
6101
6102
6103
6104
6105
6105
6106
6109
6111
6111
6118
6124
6127
6130
6133
6137
6137
6141
6141
6141
6146
6158
6161
6162
6167
6167
6168
6169
6173
6175
6177
6180
6181
6182
6187
6189
6192
6196
6198
6198
6199
6201
6203
6204
6206
6213
6216
6217
6218
6220
6222
6223
6225
6228
6229
6233
6234
6235
6235
6236
6249
6254
6256
6259
6260
6265
6269
6272
6274
6276
6285
6285
6289
6290
6290
6292
6292
6293
6295
6298
6299
6299
6303
6306
6308
6311
6312
6312
6316
6319
6334
6335
6335
6336
6336
6342
6345
6345
6350
6350
6357
6360
6363
6366
6368
6368
6370
6372
6373
6374
6374
6375
6377
6378
6379
6380
6389
6390
6392
6392
6394
6396
6398
6398
6401
6402
6403
6407
6408
6409
6409
6410
6412
6413
6416
6417
6418
6419
6421
6422
6423
6423
6424
6427
6429
6429
6431
6431
6433
6433
6434
6434
6436
6437
6438
6442
6449
6449
6449
6450
6451
6455
6456
6457
6458
6460
6460
6466
6469
6470
6472
6476
6477
6478
6479
6481
6485
6492
6493
6493
6501
6502
6505
6508
6509
6510
6511
6512
6512
6513
6515
6522
6523
6523
6524
6529
6529
6530
6532
6536
6536
6540
6541
6542
6544
6545
6546
6547
6548
6550
6550
6551
6552
6552
6554
6555
6555
6555
6563
6567
6573
6573
6583
6584
6585
6586
6589
6593
6595
6600
6602
6604
6606
6606
6606
6607
6608
6610
6610
6610
6611
6612
6616
6617
6622
6622
6623
6627
6629
6634
6635
6635
6638
6638
6640
6643
6645
6654
6655
6656
6657
6662
6662
6663
6666
6666
6666
6667
6671
6675
6684
6686
6686
6688
6689
6691
6691
6692
6693
6693
6698
6698
6702
6707
6707
6708
6711
6711
6711
6713
6713
6713
6715
6723
6724
6726
6726
6729
6729
6729
6731
6733
6734
6734
6735
6736
6736
6738
6739
6740
6748
6754
6755
6760
6761
6766
6767
6768
6772
6774
6778
6779
6780
6785
6790
6796
6798
6801
6802
6802
6803
6803
6805
6807
6808
6814
6815
6816
6816
6822
6823
6831
6831
6831
6833
6833
6835
6836
6837
6837
6837
6838
6840
6844
6845
6845
6846
6848
6849
6852
6854
6854
6855
6856
6859
6861
6865
6866
6871
6874
6876
6878
6881
6881
6883
6885
6886
6894
6896
6899
6903
6904
6905
6905
6908
6908
6909
6909
6910
6911
6913
6915
6918
6918
6921
6925
6934
6936
6937
6941
6943
6948
6950
6951
6951
6953
6955
6956
6956
6964
6965
6967
6968
6969
6970
6972
6975
6978
6979
6982
6983
6986
6986
6987
6991
6991
6992
6995
6999
6999
6999
7003
7007
7008
7013
7017
7018
7018
7020
7022
7023
7025
7031
7031
7031
7033
7039
7041
7046
7046
7046
7048
7049
7055
7056
7058
7059
7061
7062
7066
7068
7069
7071
7071
7075
7075
7076
7079
7080
7083
7085
7090
7091
7093
7095
7096
7098
7099
7099
7100
7100
7105
7106
7107
7107
7110
7111
7112
7113
7117
7118
7118
7118
7119
7119
7124
7125
7125
7130
7132
7135
7136
7138
7143
7146
7147
7148
7151
7157
7158
7158
7159
7162
7164
7164
7171
7174
7174
7175
7176
7178
7184
7185
7185
7185
7188
7190
7197
7204
7206
7206
7206
7207
7208
7214
7217
7227
7230
7230
7230
7235
7235
7238
7238
7238
7239
7241
7244
7245
7247
7248
7250
7250
7251
7252
7259
7262
7262
7262
7265
7266
7266
7269
7269
7271
7271
7275
7280
7280
7283
7284
7284
7285
7285
7287
7288
7290
7292
7293
7296
7297
7300
7302
7304
7306
7314
7314
7315
7316
7316
7316
7319
7319
7320
7322
7323
7325
7326
7327
7327
7335
7338
7341
7342
7343
7349
7349
7351
7351
7353
7354
7356
7357
7357
7359
7360
7362
7365
7367
7369
7370
7377
7379
7384
7388
7389
7391
7391
7391
7391
7392
7392
7398
7399
7403
7405
7405
7409
7409
7410
7410
7411
7411
7416
7418
7418
7420
7421
7423
7423
7424
7426
7431
7431
7434
7435
7437
7444
7444
7449
7449
7450
7451
7452
7454
7455
7457
7460
7462
7466
7472
7475
7476
7478
7479
7480
7481
7482
7487
7489
7491
7491
7491
7495
7496
7497
7498
7501
7505
7507
7509
7509
7511
7511
7512
7516
7517
7520
7521
7523
7527
7531
7531
7538
7540
7540
7541
7542
7546
7547
7548
7549
7549
7550
7551
7551
7551
7552
7553
7557
7558
7560
7564
7565
7566
7568
7572
7572
7574
7578
7580
7581
7584
7586
7587
7587
7587
7591
7592
7596
7596
7596
7598
7600
7601
7601
7602
7603
7605
7607
7607
7608
7610
7610
7612
7612
7614
7616
7619
7622
7624
7625
7626
7630
7630
7635
7638
7641
7652
7653
7653
7653
7655
7656
7656
7657
7660
7662
7665
7669
7673
7673
7676
7679
7681
7685
7686
7686
7688
7688
7691
7691
7694
7696
7699
7701
7702
7702
7703
7704
7704
7706
7707
7707
7709
7710
7710
7710
7712
7712
7714
7715
7715
7718
7718
7719
7720
7721
7722
7723
7725
7725
7725
7728
7728
7730
7733
7734
7735
7736
7739
7741
7743
7743
7744
7744
7746
7749
7753
7755
7755
7755
7758
7763
7763
7764
7767
7767
7769
7770
7771
7771
7772
7776
7778
7784
7786
7787
7791
7792
7793
7796
7799
7799
7800
7804
7805
7805
7807
7808
7808
7810
7811
7812
7813
7813
7815
7816
7817
7821
7822
7827
7829
7830
7832
7833
7840
7844
7845
7847
7847
7847
7848
7849
7849
7851
7853
7857
7861
7862
7863
7864
7865
7865
7870
7871
7872
7874
7879
7880
7885
7885
7887
7889
7891
7896
7898
7902
7904
7905
7906
7908
7909
7912
7912
7913
7915
7917
7920
7921
7921
7924
7925
7931
7937
7938
7939
7939
7940
7940
7942
7943
7946
7949
7950
7953
7953
7953
7955
7956
7958
7960
7965
7966
7968
7970
7970
7971
7976
7977
7979
7982
7984
7985
7988
7989
7989
7990
7992
7993
7996
7997
8002
8003
8005
8011
8012
8014
8015
8017
8018
8020
8021
8021
8023
8025
8026
8027
8029
8031
8032
8032
8034
8035
8042
8042
8043
8048
8049
8051
8052
8052
8055
8058
8060
8060
8068
8068
8069
8072
8080
8080
8085
8088
8088
8092
8093
8094
8097
8106
8108
8108
8110
8112
8114
8120
8122
8123
8134
8134
8138
8141
8141
8143
8144
8145
8146
8148
8150
8152
8158
8159
8159
8160
8169
8173
8173
8174
8178
8179
8180
8181
8183
8185
8186
8189
8196
8198
8200
8203
8206
8207
8209
8211
8216
8217
8217
8219
8220
8220
8221
8222
8223
8230
8232
8235
8235
8236
8242
8243
8244
8244
8248
8255
8262
8264
8267
8267
8268
8270
8271
8271
8272
8273
8275
8278
8282
8285
8286
8296
8299
8301
8303
8303
8303
8304
8305
8305
8307
8308
8309
8312
8313
8315
8317
8317
8323
8324
8331
8331
8332
8333
8334
8351
8354
8356
8358
8358
8358
8358
8359
8359
8365
8368
8374
8375
8375
8377
8379
8379
8381
8382
8382
8383
8385
8387
8390
8393
8395
8396
8397
8400
8401
8404
8406
8407
8408
8409
8411
8417
8419
8423
8424
8424
8424
8424
8424
8426
8430
8430
8435
8439
8446
8446
8450
8453
8453
8454
8456
8457
8463
8466
8466
8466
8476
8477
8479
8481
8483
8483
8484
8486
8491
8492
8492
8492
8492
8492
8494
8494
8501
8502
8502
8502
8503
8503
8504
8505
8505
8505
8512
8513
8514
8514
8515
8520
8520
8521
8522
8522
8523
8523
8525
8526
8528
8528
8531
8535
8536
8536
8540
8541
8543
8547
8547
8550
8551
8556
8557
8557
8560
8564
8577
8578
8579
8582
8584
8584
8585
8585
8588
8591
8592
8592
8594
8595
8598
8598
8600
8601
8601
8602
8603
8604
8604
8605
8605
8606
8608
8609
8609
8610
8611
8613
8615
8615
8618
8623
8624
8627
8629
8629
8629
8630
8631
8632
8633
8639
8641
8644
8646
8648
8648
8649
8649
8663
8663
8665
8666
8669
8670
8670
8671
8674
8676
8677
8677
8678
8679
8679
8681
8685
8687
8687
8688
8688
8688
8693
8697
8697
8701
8707
8707
8717
8718
8722
8723
8724
8726
8727
8727
8731
8732
8736
8740
8741
8743
8743
8744
8747
8748
8755
8762
8767
8767
8769
8770
8770
8780
8781
8784
8784
8785
8785
8786
8790
8796
8799
8802
8802
8806
8806
8809
8812
8813
8813
8814
8815
8816
8819
8823
8824
8825
8829
8829
8829
8829
8833
8836
8837
8841
8842
8848
8851
8851
8853
8853
8857
8860
8860
8862
8867
8868
8873
8875
8876
8879
8880
8881
8883
8885
8885
8887
8892
8893
8895
8896
8898
8898
8902
8902
8906
8911
8913
8914
8916
8917
8923
8924
8924
8930
8931
8934
8934
8937
8939
8943
8952
8954
8956
8960
8960
8963
8963
8964
8965
8967
8968
8971
8972
8977
8978
8981
8982
8985
8995
8995
8995
8997
8998
8999
8999
9000
9000
9000
9007
9007
9008
9012
9015
9018
9022
9023
9024
9028
9029
9032
9032
9033
9034
9036
9036
9036
9037
9040
9043
9046
9048
9050
9054
9054
9054
9055
9056
9056
9056
9057
9057
9058
9060
9061
9072
9074
9074
9074
9076
9077
9079
9079
9080
9081
9081
9081
9082
9089
9092
9094
9095
9098
9101
9104
9104
9105
9105
9107
9108
9115
9115
9115
9122
9125
9126
9126
9128
9134
9134
9138
9138
9141
9142
9142
9145
9147
9153
9155
9156
9156
9159
9165
9165
9167
9167
9172
9180
9184
9186
9188
9188
9190
9193
9201
9201
9202
9203
9204
9204
9206
9206
9210
9212
9212
9213
9215
9215
9218
9219
9221
9221
9222
9225
9227
9227
9227
9229
9229
9230
9232
9233
9233
9238
9238
9241
9242
9244
9244
9245
9247
9249
9250
9251
9252
9253
9254
9256
9264
9264
9269
9270
9270
9275
9277
9278
9281
9285
9286
9289
9292
9294
9296
9297
9298
9299
9299
9302
9302
9305
9306
9308
9308
9312
9312
9313
9313
9315
9317
9325
9326
9329
9330
9332
9335
9340
9344
9346
9351
9352
9352
9355
9357
9363
9364
9369
9370
9371
9372
9375
9377
9378
9385
9386
9387
9387
9387
9388
9389
9390
9392
9395
9396
9397
9397
9399
9399
9400
9402
9405
9405
9407
9408
9408
9411
9411
9411
9412
9412
9413
9418
9419
9419
9426
9429
9429
9431
9432
9432
9432
9441
9442
9442
9443
9443
9446
9449
9449
9453
9454
9455
9456
9457
9459
9460
9462
9462
9469
9472
9473
9473
9475
9478
9478
9482
9483
9485
9485
9489
9490
9492
9492
9494
9495
9496
9498
9499
9499
9504
9512
9515
9516
9517
9524
9527
9532
9532
9534
9538
9540
9542
9545
9548
9549
9551
9551
9556
9562
9562
9563
9563
9566
9566
9568
9569
9570
9571
9576
9576
9578
9586
9587
9589
9591
9591
9591
9592
9595
9596
9598
9599
9600
9602
9604
9607
9609
9610
9611
9613
9615
9617
9618
9620
9624
9624
9629
9635
9636
9637
9643
9652
9653
9654
9658
9658
9661
9662
9665
9667
9668
9671
9677
9678
9679
9684
9688
9690
9693
9693
9694
9696
9699
9699
9701
9702
9704
9705
9706
9709
9713
9714
9716
9716
9717
9719
9720
9726
9729
9737
9739
9739
9739
9741
9743
9744
9744
9745
9746
9746
9746
9754
9758
9759
9761
9765
9766
9769
9770
9772
9774
9775
9776
9777
9779
9787
9788
9798
9799
9800
9802
9803
9805
9806
9806
9807
9810
9813
9813
9814
9815
9816
9817
9818
9818
9820
9821
9823
9825
9831
9832
9835
9835
9836
9838
9841
9844
9846
9849
9860
9861
9866
9866
9867
9867
9869
9871
9873
9875
9876
9877
9878
9879
9881
9881
9882
9882
9884
9887
9888
9889
9890
9893
9894
9894
9900
9903
9903
9903
9905
9907
9914
9914
9917
9923
9926
9927
9928
9928
9932
9934
9938
9938
9942
9943
9944
9949
9950
9950
9955
9956
9957
9958
9959
9962
9963
9966
9970
9971
9971
9972
9974
9977
9980
9981
9981
9982
9983
9983
9986
9987
9990
9990
9993
9995
